[debug] [2023-08-11T20:09:20.509Z] ----------------------------------------------------------------------
[debug] [2023-08-11T20:09:20.511Z] Command:       /home/woodsontd/.nvm/versions/node/v20.5.0/bin/node /home/woodsontd/.nvm/versions/node/v20.5.0/bin/firebase init
[debug] [2023-08-11T20:09:20.512Z] CLI Version:   12.4.7
[debug] [2023-08-11T20:09:20.512Z] Platform:      linux
[debug] [2023-08-11T20:09:20.512Z] Node Version:  v20.5.0
[debug] [2023-08-11T20:09:20.512Z] Time:          Fri Aug 11 2023 15:09:20 GMT-0500 (Central Daylight Time)
[debug] [2023-08-11T20:09:20.512Z] ----------------------------------------------------------------------
[debug] 
[debug] [2023-08-11T20:09:20.521Z] > command requires scopes: ["email","openid","https://www.googleapis.com/auth/cloudplatformprojects.readonly","https://www.googleapis.com/auth/firebase","https://www.googleapis.com/auth/cloud-platform"]
[debug] [2023-08-11T20:09:20.522Z] > authorizing via signed-in user (taylordwoodson@gmail.com)
[info] 
     ######## #### ########  ######## ########     ###     ######  ########
     ##        ##  ##     ## ##       ##     ##  ##   ##  ##       ##
     ######    ##  ########  ######   ########  #########  ######  ######
     ##        ##  ##    ##  ##       ##     ## ##     ##       ## ##
     ##       #### ##     ## ######## ########  ##     ##  ######  ########

You're about to initialize a Firebase project in this directory:

  /home/woodsontd/The-Velvet-Willow-1

[info] 
=== Project Setup
[info] 
[info] First, let's associate this project directory with a Firebase project.
[info] You can create multiple project aliases by running firebase use --add, 
[info] but for now we'll just set up a default project.
[info] 
[debug] [2023-08-11T20:11:03.293Z] >>> [apiv2][query] GET https://firebase.googleapis.com/v1beta1/projects pageSize=100
[debug] [2023-08-11T20:11:03.972Z] <<< [apiv2][status] GET https://firebase.googleapis.com/v1beta1/projects 200
[debug] [2023-08-11T20:11:03.972Z] <<< [apiv2][body] GET https://firebase.googleapis.com/v1beta1/projects [omitted]
[info] i  Using project velvet-willow-dc1ca (Velvet-Willow) 
[info] 
=== Firestore Setup
[debug] [2023-08-11T20:11:05.915Z] >>> [apiv2][query] GET https://serviceusage.googleapis.com/v1/projects/velvet-willow-dc1ca/services/firestore.googleapis.com [none]
[debug] [2023-08-11T20:11:05.915Z] >>> [apiv2][(partial)header] GET https://serviceusage.googleapis.com/v1/projects/velvet-willow-dc1ca/services/firestore.googleapis.com x-goog-quota-user=projects/velvet-willow-dc1ca
[debug] [2023-08-11T20:11:06.972Z] <<< [apiv2][status] GET https://serviceusage.googleapis.com/v1/projects/velvet-willow-dc1ca/services/firestore.googleapis.com 200
[debug] [2023-08-11T20:11:06.972Z] <<< [apiv2][body] GET https://serviceusage.googleapis.com/v1/projects/velvet-willow-dc1ca/services/firestore.googleapis.com [omitted]
[debug] [2023-08-11T20:11:06.973Z] >>> [apiv2][query] GET https://firestore.googleapis.com/v1/projects/velvet-willow-dc1ca/databases/(default) [none]
[debug] [2023-08-11T20:11:07.914Z] <<< [apiv2][status] GET https://firestore.googleapis.com/v1/projects/velvet-willow-dc1ca/databases/(default) 200
[debug] [2023-08-11T20:11:07.915Z] <<< [apiv2][body] GET https://firestore.googleapis.com/v1/projects/velvet-willow-dc1ca/databases/(default) {"name":"projects/velvet-willow-dc1ca/databases/(default)","uid":"338703bb-625b-4dcb-ae03-2cd965eb5cfd","createTime":"2023-08-10T16:36:35.288034Z","updateTime":"2023-08-10T16:36:35.288034Z","locationId":"nam5","type":"FIRESTORE_NATIVE","concurrencyMode":"PESSIMISTIC","versionRetentionPeriod":"3600s","earliestVersionTime":"2023-08-11T19:58:29.485763Z","appEngineIntegrationMode":"DISABLED","keyPrefix":"s","pointInTimeRecoveryEnablement":"POINT_IN_TIME_RECOVERY_DISABLED","deleteProtectionState":"DELETE_PROTECTION_DISABLED","etag":"IOiap8y/1YADMOKfu5jD0oAD"}
[debug] [2023-08-11T20:11:07.915Z] database_type: FIRESTORE_NATIVE
[debug] [2023-08-11T20:11:07.916Z] > command requires scopes: ["email","openid","https://www.googleapis.com/auth/cloudplatformprojects.readonly","https://www.googleapis.com/auth/firebase","https://www.googleapis.com/auth/cloud-platform"]
[debug] [2023-08-11T20:11:07.916Z] > authorizing via signed-in user (taylordwoodson@gmail.com)
[debug] [2023-08-11T20:11:07.916Z] [iam] checking project velvet-willow-dc1ca for permissions ["firebase.projects.get"]
[debug] [2023-08-11T20:11:07.917Z] >>> [apiv2][query] POST https://cloudresourcemanager.googleapis.com/v1/projects/velvet-willow-dc1ca:testIamPermissions [none]
[debug] [2023-08-11T20:11:07.918Z] >>> [apiv2][(partial)header] POST https://cloudresourcemanager.googleapis.com/v1/projects/velvet-willow-dc1ca:testIamPermissions x-goog-quota-user=projects/velvet-willow-dc1ca
[debug] [2023-08-11T20:11:07.918Z] >>> [apiv2][body] POST https://cloudresourcemanager.googleapis.com/v1/projects/velvet-willow-dc1ca:testIamPermissions {"permissions":["firebase.projects.get"]}
[debug] [2023-08-11T20:11:08.797Z] <<< [apiv2][status] POST https://cloudresourcemanager.googleapis.com/v1/projects/velvet-willow-dc1ca:testIamPermissions 200
[debug] [2023-08-11T20:11:08.797Z] <<< [apiv2][body] POST https://cloudresourcemanager.googleapis.com/v1/projects/velvet-willow-dc1ca:testIamPermissions {"permissions":["firebase.projects.get"]}
[info] 
[info] Firestore Security Rules allow you to define how and when to allow
[info] requests. You can keep these rules in your project directory
[info] and publish them with firebase deploy.
[info] 
[debug] [2023-08-11T20:11:19.469Z] >>> [apiv2][query] GET https://firebaserules.googleapis.com/v1/projects/velvet-willow-dc1ca/releases pageSize=10&pageToken=
[debug] [2023-08-11T20:11:20.331Z] <<< [apiv2][status] GET https://firebaserules.googleapis.com/v1/projects/velvet-willow-dc1ca/releases 200
[debug] [2023-08-11T20:11:20.331Z] <<< [apiv2][body] GET https://firebaserules.googleapis.com/v1/projects/velvet-willow-dc1ca/releases {"releases":[{"name":"projects/velvet-willow-dc1ca/releases/cloud.firestore","rulesetName":"projects/velvet-willow-dc1ca/rulesets/d5456788-bfd2-4456-9dc8-be744f98fb40","createTime":"2023-08-10T16:36:39.721789Z","updateTime":"2023-08-10T16:36:39.721789Z"},{"name":"projects/velvet-willow-dc1ca/releases/firebase.storage/velvet-willow-dc1ca.appspot.com","rulesetName":"projects/velvet-willow-dc1ca/rulesets/de0c8fd4-cb2f-42d3-88d8-da94a3ac3cee","createTime":"2023-08-10T16:37:31.853092Z","updateTime":"2023-08-10T16:37:59.160311Z"}]}
[debug] [2023-08-11T20:11:20.346Z] Found ruleset: projects/velvet-willow-dc1ca/rulesets/d5456788-bfd2-4456-9dc8-be744f98fb40
[debug] [2023-08-11T20:11:20.347Z] >>> [apiv2][query] GET https://firebaserules.googleapis.com/v1/projects/velvet-willow-dc1ca/rulesets/d5456788-bfd2-4456-9dc8-be744f98fb40 [none]
[debug] [2023-08-11T20:11:20.768Z] <<< [apiv2][status] GET https://firebaserules.googleapis.com/v1/projects/velvet-willow-dc1ca/rulesets/d5456788-bfd2-4456-9dc8-be744f98fb40 200
[debug] [2023-08-11T20:11:20.768Z] <<< [apiv2][body] GET https://firebaserules.googleapis.com/v1/projects/velvet-willow-dc1ca/rulesets/d5456788-bfd2-4456-9dc8-be744f98fb40 [omitted]
[info] 
[info] Firestore indexes allow you to perform complex queries while
[info] maintaining performance that scales with the size of the result
[info] set. You can keep index definitions in your project directory
[info] and publish them with firebase deploy.
[info] 
[debug] [2023-08-11T20:11:25.154Z] >>> [apiv2][query] GET https://firestore.googleapis.com/v1/projects/velvet-willow-dc1ca/databases/(default)/collectionGroups/-/indexes [none]
[debug] [2023-08-11T20:11:25.156Z] >>> [apiv2][query] GET https://firestore.googleapis.com/v1/projects/velvet-willow-dc1ca/databases/(default)/collectionGroups/-/fields?filter=indexConfig.usesAncestorConfig=false OR ttlConfig:* [none]
[debug] [2023-08-11T20:11:25.600Z] <<< [apiv2][status] GET https://firestore.googleapis.com/v1/projects/velvet-willow-dc1ca/databases/(default)/collectionGroups/-/indexes 200
[debug] [2023-08-11T20:11:25.600Z] <<< [apiv2][body] GET https://firestore.googleapis.com/v1/projects/velvet-willow-dc1ca/databases/(default)/collectionGroups/-/indexes {}
[debug] [2023-08-11T20:11:26.349Z] <<< [apiv2][status] GET https://firestore.googleapis.com/v1/projects/velvet-willow-dc1ca/databases/(default)/collectionGroups/-/fields?filter=indexConfig.usesAncestorConfig=false OR ttlConfig:* 200
[debug] [2023-08-11T20:11:26.349Z] <<< [apiv2][body] GET https://firestore.googleapis.com/v1/projects/velvet-willow-dc1ca/databases/(default)/collectionGroups/-/fields?filter=indexConfig.usesAncestorConfig=false OR ttlConfig:* {"fields":[{"name":"projects/velvet-willow-dc1ca/databases/(default)/collectionGroups/__default__/fields/*","indexConfig":{"indexes":[{"queryScope":"COLLECTION","fields":[{"fieldPath":"*","order":"ASCENDING"}],"state":"READY"},{"queryScope":"COLLECTION","fields":[{"fieldPath":"*","order":"DESCENDING"}],"state":"READY"},{"queryScope":"COLLECTION","fields":[{"fieldPath":"*","arrayConfig":"CONTAINS"}],"state":"READY"}]}}]}
[info] 
=== Functions Setup
[debug] [2023-08-11T20:11:26.351Z] > command requires scopes: ["email","openid","https://www.googleapis.com/auth/cloudplatformprojects.readonly","https://www.googleapis.com/auth/firebase","https://www.googleapis.com/auth/cloud-platform"]
[debug] [2023-08-11T20:11:26.351Z] > authorizing via signed-in user (taylordwoodson@gmail.com)
[debug] [2023-08-11T20:11:26.351Z] [iam] checking project velvet-willow-dc1ca for permissions ["firebase.projects.get"]
[debug] [2023-08-11T20:11:26.351Z] >>> [apiv2][query] POST https://cloudresourcemanager.googleapis.com/v1/projects/velvet-willow-dc1ca:testIamPermissions [none]
[debug] [2023-08-11T20:11:26.351Z] >>> [apiv2][(partial)header] POST https://cloudresourcemanager.googleapis.com/v1/projects/velvet-willow-dc1ca:testIamPermissions x-goog-quota-user=projects/velvet-willow-dc1ca
[debug] [2023-08-11T20:11:26.351Z] >>> [apiv2][body] POST https://cloudresourcemanager.googleapis.com/v1/projects/velvet-willow-dc1ca:testIamPermissions {"permissions":["firebase.projects.get"]}
[debug] [2023-08-11T20:11:26.547Z] <<< [apiv2][status] POST https://cloudresourcemanager.googleapis.com/v1/projects/velvet-willow-dc1ca:testIamPermissions 200
[debug] [2023-08-11T20:11:26.548Z] <<< [apiv2][body] POST https://cloudresourcemanager.googleapis.com/v1/projects/velvet-willow-dc1ca:testIamPermissions {"permissions":["firebase.projects.get"]}
[debug] [2023-08-11T20:11:26.549Z] >>> [apiv2][query] GET https://serviceusage.googleapis.com/v1/projects/velvet-willow-dc1ca/services/cloudfunctions.googleapis.com [none]
[debug] [2023-08-11T20:11:26.549Z] >>> [apiv2][(partial)header] GET https://serviceusage.googleapis.com/v1/projects/velvet-willow-dc1ca/services/cloudfunctions.googleapis.com x-goog-quota-user=projects/velvet-willow-dc1ca
[debug] [2023-08-11T20:11:26.551Z] >>> [apiv2][query] GET https://serviceusage.googleapis.com/v1/projects/velvet-willow-dc1ca/services/runtimeconfig.googleapis.com [none]
[debug] [2023-08-11T20:11:26.551Z] >>> [apiv2][(partial)header] GET https://serviceusage.googleapis.com/v1/projects/velvet-willow-dc1ca/services/runtimeconfig.googleapis.com x-goog-quota-user=projects/velvet-willow-dc1ca
[debug] [2023-08-11T20:11:26.770Z] <<< [apiv2][status] GET https://serviceusage.googleapis.com/v1/projects/velvet-willow-dc1ca/services/runtimeconfig.googleapis.com 200
[debug] [2023-08-11T20:11:26.770Z] <<< [apiv2][body] GET https://serviceusage.googleapis.com/v1/projects/velvet-willow-dc1ca/services/runtimeconfig.googleapis.com [omitted]
[debug] [2023-08-11T20:11:26.801Z] <<< [apiv2][status] GET https://serviceusage.googleapis.com/v1/projects/velvet-willow-dc1ca/services/cloudfunctions.googleapis.com 200
[debug] [2023-08-11T20:11:26.801Z] <<< [apiv2][body] GET https://serviceusage.googleapis.com/v1/projects/velvet-willow-dc1ca/services/cloudfunctions.googleapis.com [omitted]
[debug] [2023-08-11T20:11:26.802Z] >>> [apiv2][query] POST https://serviceusage.googleapis.com/v1/projects/velvet-willow-dc1ca/services/cloudfunctions.googleapis.com:enable [none]
[debug] [2023-08-11T20:11:26.802Z] >>> [apiv2][(partial)header] POST https://serviceusage.googleapis.com/v1/projects/velvet-willow-dc1ca/services/cloudfunctions.googleapis.com:enable x-goog-quota-user=projects/velvet-willow-dc1ca
[debug] [2023-08-11T20:11:27.089Z] <<< [apiv2][status] POST https://serviceusage.googleapis.com/v1/projects/velvet-willow-dc1ca/services/cloudfunctions.googleapis.com:enable 200
[debug] [2023-08-11T20:11:27.089Z] <<< [apiv2][body] POST https://serviceusage.googleapis.com/v1/projects/velvet-willow-dc1ca/services/cloudfunctions.googleapis.com:enable [omitted]
[debug] [2023-08-11T20:11:37.096Z] >>> [apiv2][query] GET https://serviceusage.googleapis.com/v1/projects/velvet-willow-dc1ca/services/cloudfunctions.googleapis.com [none]
[debug] [2023-08-11T20:11:37.096Z] >>> [apiv2][(partial)header] GET https://serviceusage.googleapis.com/v1/projects/velvet-willow-dc1ca/services/cloudfunctions.googleapis.com x-goog-quota-user=projects/velvet-willow-dc1ca
[debug] [2023-08-11T20:11:37.345Z] <<< [apiv2][status] GET https://serviceusage.googleapis.com/v1/projects/velvet-willow-dc1ca/services/cloudfunctions.googleapis.com 200
[debug] [2023-08-11T20:11:37.345Z] <<< [apiv2][body] GET https://serviceusage.googleapis.com/v1/projects/velvet-willow-dc1ca/services/cloudfunctions.googleapis.com [omitted]
[info] Let's create a new codebase for your functions.
[info] A directory corresponding to the codebase will be created in your project
[info] with sample code pre-configured.

[info] See https://firebase.google.com/docs/functions/organize-functions for
[info] more information on organizing your functions using codebases.

[info] Functions can be deployed with firebase deploy.

[info] ✔  Wrote functions/package.json 
[info] ✔  Wrote functions/.eslintrc.js 
[info] ✔  Wrote functions/index.js 
[info] ✔  Wrote functions/.gitignore 
[info] 
=== Hosting Setup
[info] 
[info] Your public directory is the folder (relative to your project directory) that
[info] will contain Hosting assets to be uploaded with firebase deploy. If you
[info] have a build process for your assets, use your build's output directory.
[info] 
